2023-12-10 10:38:41.752 | INFO     | database.mysqldb:create_pool:26 - Pool was created successfully!
2023-12-10 10:38:42.657 | INFO     | bot.service:start_bot:18 - The bot is running!
2023-12-10 11:04:51.653 | INFO     | database.mysqldb:create_pool:26 - Pool was created successfully!
2023-12-10 11:04:52.047 | INFO     | bot.service:start_bot:18 - The bot is running!
2023-12-10 11:05:14.704 | INFO     | database.mysqldb:create_pool:26 - Pool was created successfully!
2023-12-10 11:05:15.085 | INFO     | bot.service:start_bot:18 - The bot is running!
2023-12-10 11:05:37.591 | INFO     | database.mysqldb:create_pool:26 - Pool was created successfully!
2023-12-10 11:05:38.044 | INFO     | bot.service:start_bot:18 - The bot is running!
2023-12-10 11:06:26.148 | INFO     | database.mysqldb:create_pool:26 - Pool was created successfully!
2023-12-10 11:06:26.478 | INFO     | bot.service:start_bot:18 - The bot is running!
2023-12-10 11:07:53.690 | INFO     | database.mysqldb:create_pool:26 - Pool was created successfully!
2023-12-10 11:07:54.067 | INFO     | bot.service:start_bot:18 - The bot is running!
2023-12-10 11:09:27.287 | INFO     | database.mysqldb:create_pool:26 - Pool was created successfully!
2023-12-10 11:09:27.858 | INFO     | bot.service:start_bot:18 - The bot is running!
2023-12-10 11:15:32.622 | INFO     | database.mysqldb:create_pool:26 - Pool was created successfully!
2023-12-10 11:15:33.035 | INFO     | bot.service:start_bot:18 - The bot is running!
2023-12-10 11:25:48.867 | INFO     | database.mysqldb:create_pool:26 - Pool was created successfully!
2023-12-10 11:25:49.288 | INFO     | bot.service:start_bot:18 - The bot is running!
2023-12-10 11:27:24.262 | INFO     | database.mysqldb:create_pool:26 - Pool was created successfully!
2023-12-10 11:27:24.607 | INFO     | bot.service:start_bot:18 - The bot is running!
2023-12-10 11:45:14.695 | INFO     | database.mysqldb:create_pool:26 - Pool was created successfully!
2023-12-10 11:45:15.075 | INFO     | bot.service:start_bot:18 - The bot is running!
2023-12-10 11:46:24.439 | INFO     | database.mysqldb:create_pool:26 - Pool was created successfully!
2023-12-10 11:46:24.831 | INFO     | bot.service:start_bot:18 - The bot is running!
2023-12-10 11:50:14.218 | INFO     | database.mysqldb:create_pool:26 - Pool was created successfully!
2023-12-10 11:50:14.635 | INFO     | bot.service:start_bot:18 - The bot is running!
2023-12-10 11:51:45.243 | INFO     | database.mysqldb:create_pool:26 - Pool was created successfully!
2023-12-10 11:51:45.619 | INFO     | bot.service:start_bot:18 - The bot is running!
2023-12-10 12:39:48.075 | INFO     | database.mysqldb:create_pool:26 - Pool was created successfully!
2023-12-10 12:39:48.557 | INFO     | bot.service:start_bot:18 - The bot is running!
2023-12-10 12:40:12.737 | ERROR    | database.mysqldb:save_trader:51 - Ошибка при добавлении трейдера : (1136, "Column count doesn't match value count at row 1")
2023-12-10 12:40:37.849 | INFO     | database.mysqldb:create_pool:26 - Pool was created successfully!
2023-12-10 12:40:38.230 | INFO     | bot.service:start_bot:18 - The bot is running!
2023-12-10 12:56:40.810 | INFO     | database.mysqldb:create_pool:26 - Pool was created successfully!
2023-12-10 12:56:41.313 | INFO     | bot.service:start_bot:18 - The bot is running!
2023-12-10 12:56:56.385 | INFO     | database.mysqldb:create_pool:26 - Pool was created successfully!
2023-12-10 12:56:58.052 | INFO     | bot.service:start_bot:18 - The bot is running!
2023-12-10 12:58:02.770 | INFO     | database.mysqldb:create_pool:26 - Pool was created successfully!
2023-12-10 12:58:05.225 | INFO     | bot.service:start_bot:18 - The bot is running!
2023-12-10 12:58:17.209 | INFO     | database.mysqldb:create_pool:26 - Pool was created successfully!
2023-12-10 12:58:18.033 | INFO     | bot.service:start_bot:18 - The bot is running!
2023-12-10 12:59:02.748 | INFO     | database.mysqldb:create_pool:26 - Pool was created successfully!
2023-12-10 12:59:03.116 | INFO     | bot.service:start_bot:18 - The bot is running!
2023-12-10 12:59:42.682 | INFO     | database.mysqldb:create_pool:26 - Pool was created successfully!
2023-12-10 12:59:43.372 | INFO     | bot.service:start_bot:18 - The bot is running!
2023-12-10 13:01:43.441 | INFO     | database.mysqldb:save_trader:50 - Добавлен новый трейдер: Магазин№1, Игорь Игорь, 514665692
2023-12-10 13:03:42.004 | INFO     | database.mysqldb:create_pool:26 - Pool was created successfully!
2023-12-10 13:03:42.374 | INFO     | bot.service:start_bot:18 - The bot is running!
2023-12-10 13:11:18.597 | INFO     | database.mysqldb:create_pool:26 - Pool was created successfully!
2023-12-10 13:11:18.941 | INFO     | bot.service:start_bot:18 - The bot is running!
2023-12-10 13:12:30.277 | INFO     | database.mysqldb:create_pool:26 - Pool was created successfully!
2023-12-10 13:12:30.651 | INFO     | bot.service:start_bot:18 - The bot is running!
2023-12-10 13:17:36.766 | INFO     | database.mysqldb:create_pool:26 - Pool was created successfully!
2023-12-10 13:17:37.201 | INFO     | bot.service:start_bot:18 - The bot is running!
2023-12-10 13:18:45.301 | INFO     | database.mysqldb:create_pool:26 - Pool was created successfully!
2023-12-10 13:18:47.283 | INFO     | bot.service:start_bot:18 - The bot is running!
2023-12-10 13:20:01.049 | INFO     | database.mysqldb:create_pool:26 - Pool was created successfully!
2023-12-10 13:20:01.477 | INFO     | bot.service:start_bot:18 - The bot is running!
2023-12-10 13:20:39.653 | INFO     | database.mysqldb:save_trader:50 - Добавлен новый трейдер: Магазин №1, Игорь Викторович, 514665692
2023-12-10 13:21:20.424 | INFO     | database.mysqldb:create_pool:26 - Pool was created successfully!
2023-12-10 13:21:20.752 | INFO     | bot.service:start_bot:18 - The bot is running!
2023-12-10 13:21:42.124 | INFO     | database.mysqldb:create_pool:26 - Pool was created successfully!
2023-12-10 13:21:42.510 | INFO     | bot.service:start_bot:18 - The bot is running!
2023-12-10 13:22:15.663 | INFO     | database.mysqldb:save_trader:50 - Добавлен новый трейдер: Магазин №1, Игорь Викторович, 514665692
2023-12-10 13:54:05.494 | INFO     | database.mysqldb:create_pool:26 - Pool was created successfully!
2023-12-10 13:54:05.902 | INFO     | bot.service:start_bot:18 - The bot is running!
2023-12-10 13:54:39.811 | INFO     | database.mysqldb:create_pool:26 - Pool was created successfully!
2023-12-10 13:54:40.320 | INFO     | bot.service:start_bot:18 - The bot is running!
2023-12-10 13:55:28.501 | INFO     | database.mysqldb:save_trader:50 - Добавлен новый трейдер: Магазин №1, Иван Иванов, 514665692
2023-12-10 14:04:40.851 | INFO     | database.mysqldb:create_pool:26 - Pool was created successfully!
2023-12-10 14:04:43.385 | INFO     | bot.service:start_bot:18 - The bot is running!
2023-12-10 14:06:43.888 | INFO     | database.mysqldb:create_pool:26 - Pool was created successfully!
2023-12-10 14:06:44.270 | INFO     | bot.service:start_bot:18 - The bot is running!
